<?xml version="1.0" encoding="UTF-8"?>
<!-- Generated by org.testng.reporters.JUnitReportReporter -->
<testsuite skipped="0" hostname="Cristian" name="estructuraCristian.principal" tests="2" failures="0" timestamp="2023-05-03T19:32:12 CST" time="6.237" errors="0">
  <testcase name="testFormularioNombreyCorreo" time="4.847" classname="estructuraCristian.principal"/>
  <system-out/>
  <testcase name="testFormularioSexoyNumero" time="1.390" classname="estructuraCristian.principal"/>
  <system-out/>
</testsuite> <!-- estructuraCristian.principal -->
